{"logTime": "0828/061402", "correlationVector":"7DGzIjngwZpRWVa8THnQ9m.2","action":"GetUpdates Response", "result":"SYNCER_OK", "context":Received 0 update(s). cV=7DGzIjngwZpRWVa8THnQ9m.0;server=GENERAL0100001B;cloudType=Consumer;environment=Prod_SoutheastAsia_000j;migrationStage=NotStarted}
{"logTime": "0828/061402", "correlationVector":"dbs1BttbX+OhH8RzhvI+oO","action":"Commit Request", "result":"", "context":Item count: 1
Contributing types: Device Info}
{"logTime": "0828/061403", "correlationVector":"dbs1BttbX+OhH8RzhvI+oO.1","action":"SyncServerConnectionManagerRequest", "result":"SYNC_SERVER_OK", "context":{"environment":"Prod_SoutheastAsia_000j", "migrationStage":"NotStarted", "server":"GENERAL0100001I"}}
{"logTime": "0828/061403", "correlationVector":"dbs1BttbX+OhH8RzhvI+oO.2","action":"Commit Response", "result":"SYNCER_OK", "context":Result: SYNCER_OK. cV=dbs1BttbX+OhH8RzhvI+oO.0;server=GENERAL0100001I;cloudType=Consumer;environment=Prod_SoutheastAsia_000j;migrationStage=NotStarted}
{"logTime": "0828/061403", "correlationVector":"G4ZvUfWov0vAyfTjeE1/cQ","action":"Commit Request", "result":"", "context":Item count: 7
Contributing types: Bookmarks, Typed URLs, Sessions}
{"logTime": "0828/061404", "correlationVector":"G4ZvUfWov0vAyfTjeE1/cQ.1","action":"SyncServerConnectionManagerRequest", "result":"SYNC_SERVER_OK", "context":{"environment":"Prod_SoutheastAsia_000j", "migrationStage":"NotStarted", "server":"GENERAL0100001B"}}
{"logTime": "0828/061404", "correlationVector":"G4ZvUfWov0vAyfTjeE1/cQ.2","action":"Commit Response", "result":"SYNCER_OK", "context":Result: SYNCER_OK. cV=G4ZvUfWov0vAyfTjeE1/cQ.0;server=GENERAL0100001B;cloudType=Consumer;environment=Prod_SoutheastAsia_000j;migrationStage=NotStarted}
{"logTime": "0828/061443", "correlationVector":"k7WMtTjWlKAYYQeaUGf8Ed","action":"Commit Request", "result":"", "context":Item count: 7
Contributing types: Typed URLs, Sessions}
{"logTime": "0828/061444", "correlationVector":"k7WMtTjWlKAYYQeaUGf8Ed.1","action":"SyncServerConnectionManagerRequest", "result":"SYNC_SERVER_OK", "context":{"environment":"Prod_SoutheastAsia_000j", "migrationStage":"NotStarted", "server":"GENERAL0100000A"}}
{"logTime": "0828/061444", "correlationVector":"k7WMtTjWlKAYYQeaUGf8Ed.2","action":"Commit Response", "result":"SYNCER_OK", "context":Result: SYNCER_OK. cV=k7WMtTjWlKAYYQeaUGf8Ed.0;server=GENERAL0100000A;cloudType=Consumer;environment=Prod_SoutheastAsia_000j;migrationStage=NotStarted}
{"logTime": "0828/061520", "correlationVector":"1GXhKRro82n5T7bryG8oR6","action":"Commit Request", "result":"", "context":Item count: 2
Contributing types: Sessions}
{"logTime": "0828/061521", "correlationVector":"1GXhKRro82n5T7bryG8oR6.1","action":"SyncServerConnectionManagerRequest", "result":"SYNC_SERVER_OK", "context":{"environment":"Prod_SoutheastAsia_000j", "migrationStage":"NotStarted", "server":"GENERAL0100000W"}}
{"logTime": "0828/061521", "correlationVector":"1GXhKRro82n5T7bryG8oR6.3","action":"Commit.Sessions", "result":"Success", "context":{"id":"b3b6e12a-447a-495f-bd2c-b1926ec12c45", "isDeleted":"true", "size":"0", "version":"1693203283293"}}
{"logTime": "0828/061521", "correlationVector":"1GXhKRro82n5T7bryG8oR6.2","action":"Commit Response", "result":"SYNCER_OK", "context":Result: SYNCER_OK. cV=1GXhKRro82n5T7bryG8oR6.0;server=GENERAL0100000W;cloudType=Consumer;environment=Prod_SoutheastAsia_000j;migrationStage=NotStarted}
{"logTime": "0828/061621", "correlationVector":"u2sBHULw5Px9NRVyu43hKR","action":"Normal GetUpdate request", "result":"", "context":cV=u2sBHULw5Px9NRVyu43hKR
Notified types: Typed URLs}
{"logTime": "0828/061621", "correlationVector":"u2sBHULw5Px9NRVyu43hKR.1","action":"SyncServerConnectionManagerRequest", "result":"SYNC_SERVER_OK", "context":{"environment":"Prod_SoutheastAsia_000j", "migrationStage":"NotStarted", "server":"GENERAL01000012"}}
{"logTime": "0828/061621", "correlationVector":"u2sBHULw5Px9NRVyu43hKR.2","action":"GetUpdates", "result":"DeleteReceived", "context":{"id":"b3b6e12a-447a-495f-bd2c-b1926ec12c45", "isDeleted:":"true", "version":"1693203320615"}}
{"logTime": "0828/061621", "correlationVector":"u2sBHULw5Px9NRVyu43hKR.3","action":"GetUpdates Response", "result":"SYNCER_OK", "context":Received 17 update(s). cV=u2sBHULw5Px9NRVyu43hKR.0;server=GENERAL01000012;cloudType=Consumer;environment=Prod_SoutheastAsia_000j;migrationStage=NotStarted}
{"logTime": "0828/061830", "correlationVector":"sl3WBBhqkNEvhE2PF4Mgj7","action":"Commit Request", "result":"", "context":Item count: 1
Contributing types: Sessions}
{"logTime": "0828/061831", "correlationVector":"sl3WBBhqkNEvhE2PF4Mgj7.1","action":"SyncServerConnectionManagerRequest", "result":"SYNC_SERVER_OK", "context":{"environment":"Prod_SoutheastAsia_000j", "migrationStage":"NotStarted", "server":"GENERAL0100000I"}}
{"logTime": "0828/061831", "correlationVector":"sl3WBBhqkNEvhE2PF4Mgj7.2","action":"Commit Response", "result":"SYNCER_OK", "context":Result: SYNCER_OK. cV=sl3WBBhqkNEvhE2PF4Mgj7.0;server=GENERAL0100000I;cloudType=Consumer;environment=Prod_SoutheastAsia_000j;migrationStage=NotStarted}
{"logTime": "0828/064530", "correlationVector":"FaJXXz+oOtOXtwew/9jPg3","action":"Commit Request", "result":"", "context":Item count: 1
Contributing types: Sessions}
{"logTime": "0828/064530", "correlationVector":"FaJXXz+oOtOXtwew/9jPg3.1","action":"SyncServerConnectionManagerRequest", "result":"SYNC_SERVER_OK", "context":{"environment":"Prod_SoutheastAsia_000j", "migrationStage":"NotStarted", "server":"GENERAL01000003"}}
{"logTime": "0828/064530", "correlationVector":"FaJXXz+oOtOXtwew/9jPg3.2","action":"Commit Response", "result":"SYNCER_OK", "context":Result: SYNCER_OK. cV=FaJXXz+oOtOXtwew/9jPg3.0;server=GENERAL01000003;cloudType=Consumer;environment=Prod_SoutheastAsia_000j;migrationStage=NotStarted}
{"logTime": "0828/064720", "correlationVector":"ciAjS06oJpWBd1g0BUbUdM","action":"Commit Request", "result":"", "context":Item count: 1
Contributing types: Sessions}
{"logTime": "0828/064721", "correlationVector":"ciAjS06oJpWBd1g0BUbUdM.1","action":"SyncServerConnectionManagerRequest", "result":"SYNC_SERVER_OK", "context":{"environment":"Prod_SoutheastAsia_000j", "migrationStage":"NotStarted", "server":"general01000014"}}
{"logTime": "0828/064721", "correlationVector":"ciAjS06oJpWBd1g0BUbUdM.2","action":"Commit Response", "result":"SYNCER_OK", "context":Result: SYNCER_OK. cV=ciAjS06oJpWBd1g0BUbUdM.0;server=general01000014;cloudType=Consumer;environment=Prod_SoutheastAsia_000j;migrationStage=NotStarted}
{"logTime": "0828/064911", "correlationVector":"AlIwj4Uxn88Oi7oORcvwPC","action":"Commit Request", "result":"", "context":Item count: 1
Contributing types: Sessions}
{"logTime": "0828/064911", "correlationVector":"AlIwj4Uxn88Oi7oORcvwPC.1","action":"SyncServerConnectionManagerRequest", "result":"SYNC_SERVER_OK", "context":{"environment":"Prod_SoutheastAsia_000j", "migrationStage":"NotStarted", "server":"GENERAL0100001J"}}
{"logTime": "0828/064911", "correlationVector":"AlIwj4Uxn88Oi7oORcvwPC.2","action":"Commit Response", "result":"SYNCER_OK", "context":Result: SYNCER_OK. cV=AlIwj4Uxn88Oi7oORcvwPC.0;server=GENERAL0100001J;cloudType=Consumer;environment=Prod_SoutheastAsia_000j;migrationStage=NotStarted}
{"logTime": "0828/065153", "correlationVector":"YDH0iosKFaB+PxZ2Np8mVY","action":"Commit Request", "result":"", "context":Item count: 1
Contributing types: Sessions}
{"logTime": "0828/065153", "correlationVector":"YDH0iosKFaB+PxZ2Np8mVY.1","action":"SyncServerConnectionManagerRequest", "result":"SYNC_SERVER_OK", "context":{"environment":"Prod_SoutheastAsia_000j", "migrationStage":"NotStarted", "server":"GENERAL0100000Y"}}
{"logTime": "0828/065153", "correlationVector":"YDH0iosKFaB+PxZ2Np8mVY.2","action":"Commit Response", "result":"SYNCER_OK", "context":Result: SYNCER_OK. cV=YDH0iosKFaB+PxZ2Np8mVY.0;server=GENERAL0100000Y;cloudType=Consumer;environment=Prod_SoutheastAsia_000j;migrationStage=NotStarted}
{"logTime": "0828/065600", "correlationVector":"KFQuKWg6nyH+rk+mzDbMos","action":"Commit Request", "result":"", "context":Item count: 1
Contributing types: Sessions}
{"logTime": "0828/065601", "correlationVector":"KFQuKWg6nyH+rk+mzDbMos.1","action":"SyncServerConnectionManagerRequest", "result":"SYNC_SERVER_OK", "context":{"environment":"Prod_SoutheastAsia_000j", "migrationStage":"NotStarted", "server":"GENERAL0100000I"}}
{"logTime": "0828/065601", "correlationVector":"KFQuKWg6nyH+rk+mzDbMos.2","action":"Commit Response", "result":"SYNCER_OK", "context":Result: SYNCER_OK. cV=KFQuKWg6nyH+rk+mzDbMos.0;server=GENERAL0100000I;cloudType=Consumer;environment=Prod_SoutheastAsia_000j;migrationStage=NotStarted}
{"logTime": "0828/065830", "correlationVector":"mXTRpX6visQqSh9EZU0aQd","action":"Commit Request", "result":"", "context":Item count: 1
Contributing types: Sessions}
{"logTime": "0828/065831", "correlationVector":"mXTRpX6visQqSh9EZU0aQd.1","action":"SyncServerConnectionManagerRequest", "result":"SYNC_SERVER_OK", "context":{"environment":"Prod_SoutheastAsia_000j", "migrationStage":"NotStarted", "server":"GENERAL0100000M"}}
{"logTime": "0828/065831", "correlationVector":"mXTRpX6visQqSh9EZU0aQd.2","action":"Commit Response", "result":"SYNCER_OK", "context":Result: SYNCER_OK. cV=mXTRpX6visQqSh9EZU0aQd.0;server=GENERAL0100000M;cloudType=Consumer;environment=Prod_SoutheastAsia_000j;migrationStage=NotStarted}
{"logTime": "0828/065956", "correlationVector":"0Uj7vQs8DsyASg2RRMWLgr","action":"Commit Request", "result":"", "context":Item count: 1
Contributing types: Sessions}
{"logTime": "0828/065957", "correlationVector":"0Uj7vQs8DsyASg2RRMWLgr.1","action":"SyncServerConnectionManagerRequest", "result":"SYNC_SERVER_OK", "context":{"environment":"Prod_SoutheastAsia_000j", "migrationStage":"NotStarted", "server":"GENERAL0100000S"}}
{"logTime": "0828/065957", "correlationVector":"0Uj7vQs8DsyASg2RRMWLgr.2","action":"Commit Response", "result":"SYNCER_OK", "context":Result: SYNCER_OK. cV=0Uj7vQs8DsyASg2RRMWLgr.0;server=GENERAL0100000S;cloudType=Consumer;environment=Prod_SoutheastAsia_000j;migrationStage=NotStarted}
{"logTime": "0828/070044", "correlationVector":"QsNj//v+gcyOi7nSgdtDKJ","action":"Commit Request", "result":"", "context":Item count: 1
Contributing types: Sessions}
{"logTime": "0828/070044", "correlationVector":"QsNj//v+gcyOi7nSgdtDKJ.1","action":"SyncServerConnectionManagerRequest", "result":"SYNC_SERVER_OK", "context":{"environment":"Prod_SoutheastAsia_000j", "migrationStage":"NotStarted", "server":"GENERAL0100001L"}}
{"logTime": "0828/070044", "correlationVector":"QsNj//v+gcyOi7nSgdtDKJ.2","action":"Commit Response", "result":"SYNCER_OK", "context":Result: SYNCER_OK. cV=QsNj//v+gcyOi7nSgdtDKJ.0;server=GENERAL0100001L;cloudType=Consumer;environment=Prod_SoutheastAsia_000j;migrationStage=NotStarted}
{"logTime": "0828/070416", "correlationVector":"3/v0tnJrFTKT4vZVVILthw","action":"Commit Request", "result":"", "context":Item count: 1
Contributing types: Sessions}
{"logTime": "0828/070417", "correlationVector":"3/v0tnJrFTKT4vZVVILthw.1","action":"SyncServerConnectionManagerRequest", "result":"SYNC_SERVER_OK", "context":{"environment":"Prod_SoutheastAsia_000j", "migrationStage":"NotStarted", "server":"GENERAL0100000C"}}
{"logTime": "0828/070417", "correlationVector":"3/v0tnJrFTKT4vZVVILthw.2","action":"Commit Response", "result":"SYNCER_OK", "context":Result: SYNCER_OK. cV=3/v0tnJrFTKT4vZVVILthw.0;server=GENERAL0100000C;cloudType=Consumer;environment=Prod_SoutheastAsia_000j;migrationStage=NotStarted}
{"logTime": "0828/070543", "correlationVector":"YjAXhl6QLzwEw2LaOeMmbm","action":"Commit Request", "result":"", "context":Item count: 1
Contributing types: Sessions}
{"logTime": "0828/070543", "correlationVector":"YjAXhl6QLzwEw2LaOeMmbm.1","action":"SyncServerConnectionManagerRequest", "result":"SYNC_SERVER_OK", "context":{"environment":"Prod_SoutheastAsia_000j", "migrationStage":"NotStarted", "server":"GENERAL01000008"}}
{"logTime": "0828/070543", "correlationVector":"YjAXhl6QLzwEw2LaOeMmbm.2","action":"Commit Response", "result":"SYNCER_OK", "context":Result: SYNCER_OK. cV=YjAXhl6QLzwEw2LaOeMmbm.0;server=GENERAL01000008;cloudType=Consumer;environment=Prod_SoutheastAsia_000j;migrationStage=NotStarted}
{"logTime": "0828/070646", "correlationVector":"HSnawkFyzCqP/Ckuug1bGY","action":"Commit Request", "result":"", "context":Item count: 1
Contributing types: Sessions}
{"logTime": "0828/070646", "correlationVector":"HSnawkFyzCqP/Ckuug1bGY.1","action":"SyncServerConnectionManagerRequest", "result":"SYNC_SERVER_OK", "context":{"environment":"Prod_SoutheastAsia_000j", "migrationStage":"NotStarted", "server":"general01000011"}}
{"logTime": "0828/070646", "correlationVector":"HSnawkFyzCqP/Ckuug1bGY.2","action":"Commit Response", "result":"SYNCER_OK", "context":Result: SYNCER_OK. cV=HSnawkFyzCqP/Ckuug1bGY.0;server=general01000011;cloudType=Consumer;environment=Prod_SoutheastAsia_000j;migrationStage=NotStarted}
{"logTime": "0828/070802", "correlationVector":"YqelZAQ5vaj9BIHEwNr19I","action":"Commit Request", "result":"", "context":Item count: 1
Contributing types: Sessions}
{"logTime": "0828/070802", "correlationVector":"YqelZAQ5vaj9BIHEwNr19I.1","action":"SyncServerConnectionManagerRequest", "result":"SYNC_SERVER_OK", "context":{"environment":"Prod_SoutheastAsia_000j", "migrationStage":"NotStarted", "server":"general01000014"}}
{"logTime": "0828/070802", "correlationVector":"YqelZAQ5vaj9BIHEwNr19I.2","action":"Commit Response", "result":"SYNCER_OK", "context":Result: SYNCER_OK. cV=YqelZAQ5vaj9BIHEwNr19I.0;server=general01000014;cloudType=Consumer;environment=Prod_SoutheastAsia_000j;migrationStage=NotStarted}
{"logTime": "0828/071319", "correlationVector":"4+6Wmz2OOB8xGUFH3p3Hz8","action":"Commit Request", "result":"", "context":Item count: 1
Contributing types: Sessions}
{"logTime": "0828/071320", "correlationVector":"4+6Wmz2OOB8xGUFH3p3Hz8.1","action":"SyncServerConnectionManagerRequest", "result":"SYNC_SERVER_OK", "context":{"environment":"Prod_SoutheastAsia_000j", "migrationStage":"NotStarted", "server":"GENERAL0100001F"}}
{"logTime": "0828/071320", "correlationVector":"4+6Wmz2OOB8xGUFH3p3Hz8.2","action":"Commit Response", "result":"SYNCER_OK", "context":Result: SYNCER_OK. cV=4+6Wmz2OOB8xGUFH3p3Hz8.0;server=GENERAL0100001F;cloudType=Consumer;environment=Prod_SoutheastAsia_000j;migrationStage=NotStarted}
{"logTime": "0828/071606", "correlationVector":"8APFhYv3ZFJMLCEYUIlrTf","action":"Commit Request", "result":"", "context":Item count: 1
Contributing types: Sessions}
{"logTime": "0828/071607", "correlationVector":"8APFhYv3ZFJMLCEYUIlrTf.1","action":"SyncServerConnectionManagerRequest", "result":"SYNC_SERVER_OK", "context":{"environment":"Prod_SoutheastAsia_000j", "migrationStage":"NotStarted", "server":"GENERAL0100001I"}}
{"logTime": "0828/071607", "correlationVector":"8APFhYv3ZFJMLCEYUIlrTf.2","action":"Commit Response", "result":"SYNCER_OK", "context":Result: SYNCER_OK. cV=8APFhYv3ZFJMLCEYUIlrTf.0;server=GENERAL0100001I;cloudType=Consumer;environment=Prod_SoutheastAsia_000j;migrationStage=NotStarted}
{"logTime": "0828/072550", "correlationVector":"ZDMEkWOmf0zKBWuKHxRRU1.0","action":"FeedSettingFetch_homeCloud", "result":"0", "context":{}}
{"logTime": "0828/072550", "correlationVector":"GIgW2yTELRvLN/QAWz4RAS.1","action":"SyncServerConnectionManagerRequest", "result":"SYNC_SERVER_OK", "context":{"environment":"Prod_SoutheastAsia_000j", "migrationStage":"NotStarted", "server":"GENERAL0100000I"}}
{"logTime": "0828/072550", "correlationVector":"GIgW2yTELRvLN/QAWz4RAS","action":"Initial GetUpdates", "result":"", "context":Reason: NEW_CLIENT. cV=GIgW2yTELRvLN/QAWz4RAS}
{"logTime": "0828/072550", "correlationVector":"GIgW2yTELRvLN/QAWz4RAS.2","action":"GetUpdates Response", "result":"SYNCER_OK", "context":Received 1 update(s). cV=GIgW2yTELRvLN/QAWz4RAS.0;server=GENERAL0100000I;cloudType=Consumer;environment=Prod_SoutheastAsia_000j;migrationStage=NotStarted}
{"logTime": "0828/072550", "correlationVector":"Grp4IW+J9GwDDOyuW8VAdF","action":"SyncServerConnectionManagerRequest", "result":"SYNC_SERVER_OK", "context":{"environment":"", "migrationStage":"", "server":""}}
{"logTime": "0828/072550", "correlationVector":"5jCJYjURw1aa74XgcP0CCJ","action":"Initial GetUpdates", "result":"", "context":Reason: NEWLY_SUPPORTED_DATATYPE. cV=5jCJYjURw1aa74XgcP0CCJ}
{"logTime": "0828/072550", "correlationVector":"5jCJYjURw1aa74XgcP0CCJ.1","action":"SyncServerConnectionManagerRequest", "result":"SYNC_SERVER_OK", "context":{"environment":"Prod_SoutheastAsia_000j", "migrationStage":"NotStarted", "server":"GENERAL0100000V"}}
{"logTime": "0828/072550", "correlationVector":"5jCJYjURw1aa74XgcP0CCJ.2","action":"GetUpdates Response", "result":"SYNCER_OK", "context":Received 51 update(s). cV=5jCJYjURw1aa74XgcP0CCJ.0;server=GENERAL0100000V;cloudType=Consumer;environment=Prod_SoutheastAsia_000j;migrationStage=NotStarted}
{"logTime": "0828/072550", "correlationVector":"szHJMtyiRBiavF4X08Kaqy","action":"Normal GetUpdate request", "result":"", "context":cV=szHJMtyiRBiavF4X08Kaqy
Nudged types: Sessions, User Consents
Refresh requested types: Bookmarks, Preferences, Passwords, Autofill Profiles, Autofill, Autofill Custom Data, Typed URLs, Extensions, Sessions, Extension settings, History Delete Directives, Device Info, User Consents, Send Tab To Self, Web Apps, Collection, Edge E Drop, Edge Hub App Usage, Encryption Keys}
{"logTime": "0828/072550", "correlationVector":"szHJMtyiRBiavF4X08Kaqy.1","action":"SyncServerConnectionManagerRequest", "result":"SYNC_SERVER_OK", "context":{"environment":"Prod_SoutheastAsia_000j", "migrationStage":"NotStarted", "server":"GENERAL0100000N"}}
{"logTime": "0828/072550", "correlationVector":"szHJMtyiRBiavF4X08Kaqy.2","action":"GetUpdates Response", "result":"SYNCER_OK", "context":Received 6 update(s). cV=szHJMtyiRBiavF4X08Kaqy.0;server=GENERAL0100000N;cloudType=Consumer;environment=Prod_SoutheastAsia_000j;migrationStage=NotStarted}
{"logTime": "0828/072550", "correlationVector":"OSAq7uQORZqdW5nhCeczf0","action":"Commit Request", "result":"", "context":Item count: 4
Contributing types: Sessions, User Consents}
{"logTime": "0828/072550", "correlationVector":"OSAq7uQORZqdW5nhCeczf0.1","action":"SyncServerConnectionManagerRequest", "result":"SYNC_SERVER_OK", "context":{"environment":"Prod_SoutheastAsia_000j", "migrationStage":"NotStarted", "server":"GENERAL0100000U"}}
{"logTime": "0828/072550", "correlationVector":"OSAq7uQORZqdW5nhCeczf0.3","action":"Commit.Sessions", "result":"Success", "context":{"id":"0d114156-b229-426c-85d5-1e22bfe51561", "isDeleted":"true", "size":"0", "version":"1693206966608"}}
{"logTime": "0828/072550", "correlationVector":"OSAq7uQORZqdW5nhCeczf0.2","action":"Commit Response", "result":"SYNCER_OK", "context":Result: SYNCER_OK. cV=OSAq7uQORZqdW5nhCeczf0.0;server=GENERAL0100000U;cloudType=Consumer;environment=Prod_SoutheastAsia_000j;migrationStage=NotStarted}
{"logTime": "0828/072616", "correlationVector":"qHNjkABQEkpjFODgSpPWt2","action":"Normal GetUpdate request", "result":"", "context":cV=qHNjkABQEkpjFODgSpPWt2
Nudged types: Sessions}
{"logTime": "0828/072616", "correlationVector":"qHNjkABQEkpjFODgSpPWt2.1","action":"SyncServerConnectionManagerRequest", "result":"SYNC_SERVER_OK", "context":{"environment":"Prod_SoutheastAsia_000j", "migrationStage":"NotStarted", "server":"GENERAL0100000X"}}
{"logTime": "0828/072616", "correlationVector":"qHNjkABQEkpjFODgSpPWt2.2","action":"GetUpdates", "result":"DeleteReceived", "context":{"id":"0d114156-b229-426c-85d5-1e22bfe51561", "isDeleted:":"true", "version":"1693207545281"}}
{"logTime": "0828/072616", "correlationVector":"qHNjkABQEkpjFODgSpPWt2.3","action":"GetUpdates", "result":"DeleteReceived", "context":{"id":"77b26746-1a3d-4866-a60e-dcd751f15d5b", "isDeleted:":"true", "version":"1693207564182"}}
{"logTime": "0828/072616", "correlationVector":"qHNjkABQEkpjFODgSpPWt2.4","action":"GetUpdates Response", "result":"SYNCER_OK", "context":Received 6 update(s). cV=qHNjkABQEkpjFODgSpPWt2.0;server=GENERAL0100000X;cloudType=Consumer;environment=Prod_SoutheastAsia_000j;migrationStage=NotStarted}
{"logTime": "0828/072616", "correlationVector":"Des+h4lNCJRBWcCcI6Hqvn","action":"Commit Request", "result":"", "context":Item count: 1
Contributing types: Sessions}
{"logTime": "0828/072617", "correlationVector":"Des+h4lNCJRBWcCcI6Hqvn.1","action":"SyncServerConnectionManagerRequest", "result":"SYNC_SERVER_OK", "context":{"environment":"Prod_SoutheastAsia_000j", "migrationStage":"NotStarted", "server":"GENERAL0100000C"}}
{"logTime": "0828/072617", "correlationVector":"Des+h4lNCJRBWcCcI6Hqvn.2","action":"Commit Response", "result":"SYNCER_OK", "context":Result: SYNCER_OK. cV=Des+h4lNCJRBWcCcI6Hqvn.0;server=GENERAL0100000C;cloudType=Consumer;environment=Prod_SoutheastAsia_000j;migrationStage=NotStarted}
{"logTime": "0828/072643", "correlationVector":"wA86VnmKOBt1NsB1YQoscW","action":"Commit Request", "result":"", "context":Item count: 1
Contributing types: Preferences}
{"logTime": "0828/072644", "correlationVector":"wA86VnmKOBt1NsB1YQoscW.1","action":"SyncServerConnectionManagerRequest", "result":"SYNC_SERVER_OK", "context":{"environment":"Prod_SoutheastAsia_000j", "migrationStage":"NotStarted", "server":"GENERAL01000007"}}
{"logTime": "0828/072644", "correlationVector":"wA86VnmKOBt1NsB1YQoscW.2","action":"Commit Response", "result":"SYNCER_OK", "context":Result: SYNCER_OK. cV=wA86VnmKOBt1NsB1YQoscW.0;server=GENERAL01000007;cloudType=Consumer;environment=Prod_SoutheastAsia_000j;migrationStage=NotStarted}
{"logTime": "0828/073245", "correlationVector":"R1/IMlP2Jo5vZAtEsM1NXR","action":"Commit Request", "result":"", "context":Item count: 1
Contributing types: Sessions}
{"logTime": "0828/073246", "correlationVector":"R1/IMlP2Jo5vZAtEsM1NXR.1","action":"SyncServerConnectionManagerRequest", "result":"SYNC_SERVER_OK", "context":{"environment":"Prod_SoutheastAsia_000j", "migrationStage":"NotStarted", "server":"GENERAL01000018"}}
{"logTime": "0828/073246", "correlationVector":"R1/IMlP2Jo5vZAtEsM1NXR.2","action":"Commit Response", "result":"SYNCER_OK", "context":Result: SYNCER_OK. cV=R1/IMlP2Jo5vZAtEsM1NXR.0;server=GENERAL01000018;cloudType=Consumer;environment=Prod_SoutheastAsia_000j;migrationStage=NotStarted}
{"logTime": "0828/074151", "correlationVector":"HDuix6tb3Z4jHYMnti0KkM","action":"Commit Request", "result":"", "context":Item count: 1
Contributing types: Sessions}
{"logTime": "0828/074152", "correlationVector":"HDuix6tb3Z4jHYMnti0KkM.1","action":"SyncServerConnectionManagerRequest", "result":"SYNC_SERVER_OK", "context":{"environment":"Prod_SoutheastAsia_000j", "migrationStage":"NotStarted", "server":"GENERAL01000004"}}
{"logTime": "0828/074152", "correlationVector":"HDuix6tb3Z4jHYMnti0KkM.2","action":"Commit Response", "result":"SYNCER_OK", "context":Result: SYNCER_OK. cV=HDuix6tb3Z4jHYMnti0KkM.0;server=GENERAL01000004;cloudType=Consumer;environment=Prod_SoutheastAsia_000j;migrationStage=NotStarted}
{"logTime": "0828/074228", "correlationVector":"stn9PHzMyqpaa2WArhoiHp","action":"Commit Request", "result":"", "context":Item count: 1
Contributing types: Sessions}
{"logTime": "0828/074229", "correlationVector":"stn9PHzMyqpaa2WArhoiHp.1","action":"SyncServerConnectionManagerRequest", "result":"SYNC_SERVER_OK", "context":{"environment":"Prod_SoutheastAsia_000j", "migrationStage":"NotStarted", "server":"GENERAL01000007"}}
{"logTime": "0828/074229", "correlationVector":"stn9PHzMyqpaa2WArhoiHp.2","action":"Commit Response", "result":"SYNCER_OK", "context":Result: SYNCER_OK. cV=stn9PHzMyqpaa2WArhoiHp.0;server=GENERAL01000007;cloudType=Consumer;environment=Prod_SoutheastAsia_000j;migrationStage=NotStarted}
{"logTime": "0828/074348", "correlationVector":"jnsvVvZYwmvrtfm7KKtp3M","action":"Commit Request", "result":"", "context":Item count: 1
Contributing types: Sessions}
{"logTime": "0828/074348", "correlationVector":"jnsvVvZYwmvrtfm7KKtp3M.1","action":"SyncServerConnectionManagerRequest", "result":"SYNC_SERVER_OK", "context":{"environment":"Prod_SoutheastAsia_000j", "migrationStage":"NotStarted", "server":"GENERAL0100000W"}}
{"logTime": "0828/074348", "correlationVector":"jnsvVvZYwmvrtfm7KKtp3M.2","action":"Commit Response", "result":"SYNCER_OK", "context":Result: SYNCER_OK. cV=jnsvVvZYwmvrtfm7KKtp3M.0;server=GENERAL0100000W;cloudType=Consumer;environment=Prod_SoutheastAsia_000j;migrationStage=NotStarted}
{"logTime": "0828/074419", "correlationVector":"L+kmiVKkO8Ugube2ZkdopR","action":"Commit Request", "result":"", "context":Item count: 1
Contributing types: Sessions}
{"logTime": "0828/074420", "correlationVector":"L+kmiVKkO8Ugube2ZkdopR.1","action":"SyncServerConnectionManagerRequest", "result":"SYNC_SERVER_OK", "context":{"environment":"Prod_SoutheastAsia_000j", "migrationStage":"NotStarted", "server":"GENERAL01000007"}}
{"logTime": "0828/074420", "correlationVector":"L+kmiVKkO8Ugube2ZkdopR.2","action":"Commit Response", "result":"SYNCER_OK", "context":Result: SYNCER_OK. cV=L+kmiVKkO8Ugube2ZkdopR.0;server=GENERAL01000007;cloudType=Consumer;environment=Prod_SoutheastAsia_000j;migrationStage=NotStarted}
{"logTime": "0828/082639", "correlationVector":"FcR9Gq3TsaPP+AR3ahkSPU.0","action":"FeedSettingFetch_homeCloud", "result":"0", "context":{}}
{"logTime": "0828/082639", "correlationVector":"/D6knq8/P7Nek2Q7f3tfZ1.1","action":"SyncServerConnectionManagerRequest", "result":"SYNC_SERVER_OK", "context":{"environment":"Prod_SoutheastAsia_000j", "migrationStage":"NotStarted", "server":"GENERAL01000010"}}
{"logTime": "0828/082639", "correlationVector":"/D6knq8/P7Nek2Q7f3tfZ1","action":"Initial GetUpdates", "result":"", "context":Reason: NEW_CLIENT. cV=/D6knq8/P7Nek2Q7f3tfZ1}
{"logTime": "0828/082639", "correlationVector":"/D6knq8/P7Nek2Q7f3tfZ1.2","action":"GetUpdates Response", "result":"SYNCER_OK", "context":Received 1 update(s). cV=/D6knq8/P7Nek2Q7f3tfZ1.0;server=GENERAL01000010;cloudType=Consumer;environment=Prod_SoutheastAsia_000j;migrationStage=NotStarted}
{"logTime": "0828/082639", "correlationVector":"5sxswJnZgS4vzqww5PAcuz","action":"SyncServerConnectionManagerRequest", "result":"SYNC_SERVER_OK", "context":{"environment":"", "migrationStage":"", "server":""}}
{"logTime": "0828/082639", "correlationVector":"Ol6lFW2imdn1f8fHLCsS7Y","action":"Initial GetUpdates", "result":"", "context":Reason: NEWLY_SUPPORTED_DATATYPE. cV=Ol6lFW2imdn1f8fHLCsS7Y}
{"logTime": "0828/082639", "correlationVector":"Ol6lFW2imdn1f8fHLCsS7Y.1","action":"SyncServerConnectionManagerRequest", "result":"SYNC_SERVER_OK", "context":{"environment":"Prod_SoutheastAsia_000j", "migrationStage":"NotStarted", "server":"GENERAL0100000D"}}
{"logTime": "0828/082639", "correlationVector":"Ol6lFW2imdn1f8fHLCsS7Y.2","action":"GetUpdates Response", "result":"SYNCER_OK", "context":Received 51 update(s). cV=Ol6lFW2imdn1f8fHLCsS7Y.0;server=GENERAL0100000D;cloudType=Consumer;environment=Prod_SoutheastAsia_000j;migrationStage=NotStarted}
{"logTime": "0828/082639", "correlationVector":"pZSQPm3QccqAMptnGDSw9R","action":"Normal GetUpdate request", "result":"", "context":cV=pZSQPm3QccqAMptnGDSw9R
Nudged types: Sessions, User Consents
Refresh requested types: Bookmarks, Preferences, Passwords, Autofill Profiles, Autofill, Autofill Custom Data, Typed URLs, Extensions, Sessions, Extension settings, History Delete Directives, Device Info, User Consents, Send Tab To Self, Web Apps, Collection, Edge E Drop, Edge Hub App Usage, Encryption Keys}
{"logTime": "0828/082639", "correlationVector":"pZSQPm3QccqAMptnGDSw9R.1","action":"SyncServerConnectionManagerRequest", "result":"SYNC_SERVER_OK", "context":{"environment":"Prod_SoutheastAsia_000j", "migrationStage":"NotStarted", "server":"GENERAL0100000C"}}
{"logTime": "0828/082639", "correlationVector":"pZSQPm3QccqAMptnGDSw9R.2","action":"GetUpdates", "result":"DeleteReceived", "context":{"id":"55ee9b6a-5e24-4374-b3bb-e6942e9e354c", "isDeleted:":"true", "version":"1693210326743"}}
{"logTime": "0828/082639", "correlationVector":"pZSQPm3QccqAMptnGDSw9R.3","action":"GetUpdates", "result":"DeleteReceived", "context":{"id":"59fc8ae6-adf8-4020-8c5b-4f6f4e4719a6", "isDeleted:":"true", "version":"1693210852915"}}
{"logTime": "0828/082639", "correlationVector":"pZSQPm3QccqAMptnGDSw9R.4","action":"GetUpdates Response", "result":"SYNCER_OK", "context":Received 11 update(s). cV=pZSQPm3QccqAMptnGDSw9R.0;server=GENERAL0100000C;cloudType=Consumer;environment=Prod_SoutheastAsia_000j;migrationStage=NotStarted}
{"logTime": "0828/082639", "correlationVector":"szb14vLMGCSrcP9AdoOEzZ","action":"Commit Request", "result":"", "context":Item count: 4
Contributing types: Sessions, User Consents}
{"logTime": "0828/082639", "correlationVector":"szb14vLMGCSrcP9AdoOEzZ.1","action":"SyncServerConnectionManagerRequest", "result":"SYNC_SERVER_OK", "context":{"environment":"Prod_SoutheastAsia_000j", "migrationStage":"NotStarted", "server":"GENERAL0100001H"}}
{"logTime": "0828/082639", "correlationVector":"szb14vLMGCSrcP9AdoOEzZ.3","action":"Commit.Sessions", "result":"Success", "context":{"id":"e19a0f1a-bce2-4e4a-83a9-586115dd1a7d", "isDeleted":"true", "size":"0", "version":"1693208659542"}}
{"logTime": "0828/082639", "correlationVector":"szb14vLMGCSrcP9AdoOEzZ.2","action":"Commit Response", "result":"SYNCER_OK", "context":Result: SYNCER_OK. cV=szb14vLMGCSrcP9AdoOEzZ.0;server=GENERAL0100001H;cloudType=Consumer;environment=Prod_SoutheastAsia_000j;migrationStage=NotStarted}
{"logTime": "0828/082642", "correlationVector":"+1JTJHZomPaarHtIAkwpRD","action":"Normal GetUpdate request", "result":"", "context":cV=+1JTJHZomPaarHtIAkwpRD
Nudged types: Sessions
Notified types: Typed URLs}
{"logTime": "0828/082643", "correlationVector":"+1JTJHZomPaarHtIAkwpRD.1","action":"SyncServerConnectionManagerRequest", "result":"SYNC_SERVER_OK", "context":{"environment":"Prod_SoutheastAsia_000j", "migrationStage":"NotStarted", "server":"GENERAL0100000H"}}
{"logTime": "0828/082643", "correlationVector":"+1JTJHZomPaarHtIAkwpRD.2","action":"GetUpdates", "result":"DeleteReceived", "context":{"id":"e19a0f1a-bce2-4e4a-83a9-586115dd1a7d", "isDeleted:":"true", "version":"1693211193791"}}
{"logTime": "0828/082643", "correlationVector":"+1JTJHZomPaarHtIAkwpRD.3","action":"GetUpdates Response", "result":"SYNCER_OK", "context":Received 4 update(s). cV=+1JTJHZomPaarHtIAkwpRD.0;server=GENERAL0100000H;cloudType=Consumer;environment=Prod_SoutheastAsia_000j;migrationStage=NotStarted}
{"logTime": "0828/082643", "correlationVector":"eg0HVYlzNW0zy3pceMIrBS","action":"Commit Request", "result":"", "context":Item count: 1
Contributing types: Sessions}
{"logTime": "0828/082643", "correlationVector":"eg0HVYlzNW0zy3pceMIrBS.1","action":"SyncServerConnectionManagerRequest", "result":"SYNC_SERVER_OK", "context":{"environment":"Prod_SoutheastAsia_000j", "migrationStage":"NotStarted", "server":"GENERAL0100001C"}}
{"logTime": "0828/082643", "correlationVector":"eg0HVYlzNW0zy3pceMIrBS.2","action":"Commit Response", "result":"SYNCER_OK", "context":Result: SYNCER_OK. cV=eg0HVYlzNW0zy3pceMIrBS.0;server=GENERAL0100001C;cloudType=Consumer;environment=Prod_SoutheastAsia_000j;migrationStage=NotStarted}
{"logTime": "0828/083836", "correlationVector":"d+2VgYmxgvPwp9hyagPLqQ","action":"Commit Request", "result":"", "context":Item count: 1
Contributing types: Sessions}
{"logTime": "0828/083837", "correlationVector":"d+2VgYmxgvPwp9hyagPLqQ.1","action":"SyncServerConnectionManagerRequest", "result":"SYNC_SERVER_OK", "context":{"environment":"Prod_SoutheastAsia_000j", "migrationStage":"NotStarted", "server":"GENERAL0100000X"}}
{"logTime": "0828/083837", "correlationVector":"d+2VgYmxgvPwp9hyagPLqQ.2","action":"Commit Response", "result":"SYNCER_OK", "context":Result: SYNCER_OK. cV=d+2VgYmxgvPwp9hyagPLqQ.0;server=GENERAL0100000X;cloudType=Consumer;environment=Prod_SoutheastAsia_000j;migrationStage=NotStarted}
{"logTime": "0828/083942", "correlationVector":"HR5y6tR6Ou6+DY+7lM0NwM.0","action":"FeedSettingFetch_homeCloud", "result":"0", "context":{}}
{"logTime": "0828/083942", "correlationVector":"jlp8pTPZaubXIXZwVHxQTg.1","action":"SyncServerConnectionManagerRequest", "result":"SYNC_SERVER_OK", "context":{"environment":"Prod_SoutheastAsia_000j", "migrationStage":"NotStarted", "server":"GENERAL0100000S"}}
{"logTime": "0828/083942", "correlationVector":"jlp8pTPZaubXIXZwVHxQTg","action":"Initial GetUpdates", "result":"", "context":Reason: NEW_CLIENT. cV=jlp8pTPZaubXIXZwVHxQTg}
{"logTime": "0828/083942", "correlationVector":"jlp8pTPZaubXIXZwVHxQTg.2","action":"GetUpdates Response", "result":"SYNCER_OK", "context":Received 1 update(s). cV=jlp8pTPZaubXIXZwVHxQTg.0;server=GENERAL0100000S;cloudType=Consumer;environment=Prod_SoutheastAsia_000j;migrationStage=NotStarted}
{"logTime": "0828/083942", "correlationVector":"IJBVrOHn3Evscs35yYT8z/","action":"Initial GetUpdates", "result":"", "context":Reason: NEWLY_SUPPORTED_DATATYPE. cV=IJBVrOHn3Evscs35yYT8z/}
{"logTime": "0828/083942", "correlationVector":"IJBVrOHn3Evscs35yYT8z/.1","action":"SyncServerConnectionManagerRequest", "result":"SYNC_SERVER_OK", "context":{"environment":"Prod_SoutheastAsia_000j", "migrationStage":"NotStarted", "server":"GENERAL0100000E"}}
{"logTime": "0828/083942", "correlationVector":"IJBVrOHn3Evscs35yYT8z/.2","action":"GetUpdates Response", "result":"SYNCER_OK", "context":Received 51 update(s). cV=IJBVrOHn3Evscs35yYT8z/.0;server=GENERAL0100000E;cloudType=Consumer;environment=Prod_SoutheastAsia_000j;migrationStage=NotStarted}
{"logTime": "0828/083942", "correlationVector":"p/9Lufb8duKk9Hb/IGErsW","action":"Normal GetUpdate request", "result":"", "context":cV=p/9Lufb8duKk9Hb/IGErsW
Nudged types: Sessions, User Consents
Refresh requested types: Bookmarks, Preferences, Passwords, Autofill Profiles, Autofill, Autofill Custom Data, Typed URLs, Extensions, Sessions, Extension settings, History Delete Directives, Device Info, User Consents, Send Tab To Self, Web Apps, Collection, Edge E Drop, Edge Hub App Usage, Encryption Keys}
{"logTime": "0828/083942", "correlationVector":"p/9Lufb8duKk9Hb/IGErsW.1","action":"SyncServerConnectionManagerRequest", "result":"SYNC_SERVER_OK", "context":{"environment":"Prod_SoutheastAsia_000j", "migrationStage":"NotStarted", "server":"GENERAL0100000W"}}
{"logTime": "0828/083942", "correlationVector":"p/9Lufb8duKk9Hb/IGErsW.2","action":"GetUpdates Response", "result":"SYNCER_OK", "context":Received 2 update(s). cV=p/9Lufb8duKk9Hb/IGErsW.0;server=GENERAL0100000W;cloudType=Consumer;environment=Prod_SoutheastAsia_000j;migrationStage=NotStarted}
{"logTime": "0828/083942", "correlationVector":"hA1/V+xXI1ueLN2m6oR5Zy","action":"Commit Request", "result":"", "context":Item count: 4
Contributing types: Sessions, User Consents}
{"logTime": "0828/083942", "correlationVector":"hA1/V+xXI1ueLN2m6oR5Zy.1","action":"SyncServerConnectionManagerRequest", "result":"SYNC_SERVER_OK", "context":{"environment":"Prod_SoutheastAsia_000j", "migrationStage":"NotStarted", "server":"GENERAL01000019"}}
{"logTime": "0828/083942", "correlationVector":"hA1/V+xXI1ueLN2m6oR5Zy.2","action":"Commit Response", "result":"SYNCER_OK", "context":Result: SYNCER_OK. cV=hA1/V+xXI1ueLN2m6oR5Zy.0;server=GENERAL01000019;cloudType=Consumer;environment=Prod_SoutheastAsia_000j;migrationStage=NotStarted}
{"logTime": "0828/084007", "correlationVector":"ZSOGIiCXsf8SqVbnG4/N9W","action":"SyncServerConnectionManagerRequest", "result":"SYNC_SERVER_OK", "context":{"environment":"", "migrationStage":"", "server":""}}
{"logTime": "0828/084007", "correlationVector":"KFHlVHTC9DmZpgqMytQf4q","action":"Normal GetUpdate request", "result":"", "context":cV=KFHlVHTC9DmZpgqMytQf4q
Nudged types: Sessions}
{"logTime": "0828/084007", "correlationVector":"KFHlVHTC9DmZpgqMytQf4q.1","action":"SyncServerConnectionManagerRequest", "result":"SYNC_SERVER_OK", "context":{"environment":"Prod_SoutheastAsia_000j", "migrationStage":"NotStarted", "server":"GENERAL0100000V"}}
{"logTime": "0828/084007", "correlationVector":"KFHlVHTC9DmZpgqMytQf4q.2","action":"GetUpdates Response", "result":"SYNCER_OK", "context":Received 3 update(s). cV=KFHlVHTC9DmZpgqMytQf4q.0;server=GENERAL0100000V;cloudType=Consumer;environment=Prod_SoutheastAsia_000j;migrationStage=NotStarted}
{"logTime": "0828/084007", "correlationVector":"8u8rLG2HVpppCkrChya/a2","action":"Commit Request", "result":"", "context":Item count: 2
Contributing types: Sessions}
{"logTime": "0828/084008", "correlationVector":"8u8rLG2HVpppCkrChya/a2.1","action":"SyncServerConnectionManagerRequest", "result":"SYNC_SERVER_OK", "context":{"environment":"Prod_SoutheastAsia_000j", "migrationStage":"NotStarted", "server":"GENERAL0100000X"}}
{"logTime": "0828/084008", "correlationVector":"8u8rLG2HVpppCkrChya/a2.3","action":"Commit.Sessions", "result":"Success", "context":{"id":"d4814fa6-1712-4fae-baef-30c6f97c4d67", "isDeleted":"true", "size":"0", "version":"1693211975560"}}
{"logTime": "0828/084008", "correlationVector":"8u8rLG2HVpppCkrChya/a2.2","action":"Commit Response", "result":"SYNCER_OK", "context":Result: SYNCER_OK. cV=8u8rLG2HVpppCkrChya/a2.0;server=GENERAL0100000X;cloudType=Consumer;environment=Prod_SoutheastAsia_000j;migrationStage=NotStarted}
{"logTime": "0828/084008", "correlationVector":"xhDf1OGvT7ARBvZLUL1pYN","action":"Normal GetUpdate request", "result":"", "context":cV=xhDf1OGvT7ARBvZLUL1pYN
Nudged types: Sessions
Refresh requested types: Bookmarks, Preferences, Passwords, Autofill Profiles, Autofill, Autofill Custom Data, Typed URLs, Extensions, Sessions, Extension settings, History Delete Directives, Device Info, User Consents, Send Tab To Self, Web Apps, Collection, Edge E Drop, Edge Hub App Usage, Encryption Keys}
{"logTime": "0828/084008", "correlationVector":"xhDf1OGvT7ARBvZLUL1pYN.1","action":"SyncServerConnectionManagerRequest", "result":"SYNC_SERVER_OK", "context":{"environment":"Prod_SoutheastAsia_000j", "migrationStage":"NotStarted", "server":"GENERAL0100000M"}}
{"logTime": "0828/084008", "correlationVector":"xhDf1OGvT7ARBvZLUL1pYN.2","action":"GetUpdates", "result":"DeleteReceived", "context":{"id":"d4814fa6-1712-4fae-baef-30c6f97c4d67", "isDeleted:":"true", "version":"1693212007325"}}
{"logTime": "0828/084008", "correlationVector":"xhDf1OGvT7ARBvZLUL1pYN.3","action":"GetUpdates Response", "result":"SYNCER_OK", "context":Received 2 update(s). cV=xhDf1OGvT7ARBvZLUL1pYN.0;server=GENERAL0100000M;cloudType=Consumer;environment=Prod_SoutheastAsia_000j;migrationStage=NotStarted}
{"logTime": "0828/084210", "correlationVector":"K3imMyCgqstcwOF4fKi+Ne","action":"Commit Request", "result":"", "context":Item count: 1
Contributing types: Sessions}
{"logTime": "0828/084210", "correlationVector":"K3imMyCgqstcwOF4fKi+Ne.1","action":"SyncServerConnectionManagerRequest", "result":"SYNC_SERVER_OK", "context":{"environment":"Prod_SoutheastAsia_000j", "migrationStage":"NotStarted", "server":"GENERAL01000012"}}
{"logTime": "0828/084210", "correlationVector":"K3imMyCgqstcwOF4fKi+Ne.2","action":"Commit Response", "result":"SYNCER_OK", "context":Result: SYNCER_OK. cV=K3imMyCgqstcwOF4fKi+Ne.0;server=GENERAL01000012;cloudType=Consumer;environment=Prod_SoutheastAsia_000j;migrationStage=NotStarted}
{"logTime": "0828/084319", "correlationVector":"EcoB84beMf0Y+gi8ig7hQN","action":"Commit Request", "result":"", "context":Item count: 1
Contributing types: Sessions}
{"logTime": "0828/084320", "correlationVector":"EcoB84beMf0Y+gi8ig7hQN.1","action":"SyncServerConnectionManagerRequest", "result":"SYNC_SERVER_OK", "context":{"environment":"Prod_SoutheastAsia_000j", "migrationStage":"NotStarted", "server":"GENERAL0100001J"}}
{"logTime": "0828/084320", "correlationVector":"EcoB84beMf0Y+gi8ig7hQN.2","action":"Commit Response", "result":"SYNCER_OK", "context":Result: SYNCER_OK. cV=EcoB84beMf0Y+gi8ig7hQN.0;server=GENERAL0100001J;cloudType=Consumer;environment=Prod_SoutheastAsia_000j;migrationStage=NotStarted}
{"logTime": "0828/084840", "correlationVector":"XeT9MPUGog/LVlM+CyWKCl","action":"Commit Request", "result":"", "context":Item count: 1
Contributing types: Sessions}
{"logTime": "0828/084841", "correlationVector":"XeT9MPUGog/LVlM+CyWKCl.1","action":"SyncServerConnectionManagerRequest", "result":"SYNC_SERVER_OK", "context":{"environment":"Prod_SoutheastAsia_000j", "migrationStage":"NotStarted", "server":"GENERAL0100001C"}}
{"logTime": "0828/084841", "correlationVector":"XeT9MPUGog/LVlM+CyWKCl.2","action":"Commit Response", "result":"SYNCER_OK", "context":Result: SYNCER_OK. cV=XeT9MPUGog/LVlM+CyWKCl.0;server=GENERAL0100001C;cloudType=Consumer;environment=Prod_SoutheastAsia_000j;migrationStage=NotStarted}
{"logTime": "0828/085041", "correlationVector":"h/9Z5whYLaiFoY3TLflEq6","action":"Normal GetUpdate request", "result":"", "context":cV=h/9Z5whYLaiFoY3TLflEq6
Nudged types: Sessions
Notified types: Typed URLs}
{"logTime": "0828/085041", "correlationVector":"h/9Z5whYLaiFoY3TLflEq6.1","action":"SyncServerConnectionManagerRequest", "result":"SYNC_SERVER_OK", "context":{"environment":"Prod_SoutheastAsia_000j", "migrationStage":"NotStarted", "server":"GENERAL0100001I"}}
{"logTime": "0828/085041", "correlationVector":"h/9Z5whYLaiFoY3TLflEq6.2","action":"GetUpdates Response", "result":"SYNCER_OK", "context":Received 3 update(s). cV=h/9Z5whYLaiFoY3TLflEq6.0;server=GENERAL0100001I;cloudType=Consumer;environment=Prod_SoutheastAsia_000j;migrationStage=NotStarted}
{"logTime": "0828/085041", "correlationVector":"B2IxhYsfd7uVoM3omu/MZG","action":"Commit Request", "result":"", "context":Item count: 1
Contributing types: Sessions}
{"logTime": "0828/085042", "correlationVector":"B2IxhYsfd7uVoM3omu/MZG.1","action":"SyncServerConnectionManagerRequest", "result":"SYNC_SERVER_OK", "context":{"environment":"Prod_SoutheastAsia_000j", "migrationStage":"NotStarted", "server":"GENERAL0100000N"}}
{"logTime": "0828/085042", "correlationVector":"B2IxhYsfd7uVoM3omu/MZG.2","action":"Commit Response", "result":"SYNCER_OK", "context":Result: SYNCER_OK. cV=B2IxhYsfd7uVoM3omu/MZG.0;server=GENERAL0100000N;cloudType=Consumer;environment=Prod_SoutheastAsia_000j;migrationStage=NotStarted}
{"logTime": "0828/085112", "correlationVector":"9df6AVpdRGzIcTOjZeEDpN","action":"Commit Request", "result":"", "context":Item count: 1
Contributing types: Sessions}
{"logTime": "0828/085112", "correlationVector":"9df6AVpdRGzIcTOjZeEDpN.1","action":"SyncServerConnectionManagerRequest", "result":"SYNC_SERVER_OK", "context":{"environment":"Prod_SoutheastAsia_000j", "migrationStage":"NotStarted", "server":"GENERAL01000003"}}
{"logTime": "0828/085112", "correlationVector":"9df6AVpdRGzIcTOjZeEDpN.2","action":"Commit Response", "result":"SYNCER_OK", "context":Result: SYNCER_OK. cV=9df6AVpdRGzIcTOjZeEDpN.0;server=GENERAL01000003;cloudType=Consumer;environment=Prod_SoutheastAsia_000j;migrationStage=NotStarted}
{"logTime": "0828/085606", "correlationVector":"8tFbJ/oCpgrqawZusD72BH","action":"Commit Request", "result":"", "context":Item count: 1
Contributing types: Sessions}
{"logTime": "0828/085606", "correlationVector":"8tFbJ/oCpgrqawZusD72BH.1","action":"SyncServerConnectionManagerRequest", "result":"SYNC_SERVER_OK", "context":{"environment":"Prod_SoutheastAsia_000j", "migrationStage":"NotStarted", "server":"general01000011"}}
{"logTime": "0828/085606", "correlationVector":"8tFbJ/oCpgrqawZusD72BH.2","action":"Commit Response", "result":"SYNCER_OK", "context":Result: SYNCER_OK. cV=8tFbJ/oCpgrqawZusD72BH.0;server=general01000011;cloudType=Consumer;environment=Prod_SoutheastAsia_000j;migrationStage=NotStarted}
{"logTime": "0828/091138", "correlationVector":"o2sbQWpe4ne9I/0deR5z3R","action":"Commit Request", "result":"", "context":Item count: 1
Contributing types: Sessions}
{"logTime": "0828/091139", "correlationVector":"o2sbQWpe4ne9I/0deR5z3R.1","action":"SyncServerConnectionManagerRequest", "result":"SYNC_SERVER_OK", "context":{"environment":"Prod_SoutheastAsia_000j", "migrationStage":"NotStarted", "server":"GENERAL0100001G"}}
{"logTime": "0828/091139", "correlationVector":"o2sbQWpe4ne9I/0deR5z3R.2","action":"Commit Response", "result":"SYNCER_OK", "context":Result: SYNCER_OK. cV=o2sbQWpe4ne9I/0deR5z3R.0;server=GENERAL0100001G;cloudType=Consumer;environment=Prod_SoutheastAsia_000j;migrationStage=NotStarted}
{"logTime": "0828/091335", "correlationVector":"sxXv4Bdi2Pe2y0qwGqODqE","action":"Commit Request", "result":"", "context":Item count: 1
Contributing types: Sessions}
{"logTime": "0828/091336", "correlationVector":"sxXv4Bdi2Pe2y0qwGqODqE.1","action":"SyncServerConnectionManagerRequest", "result":"SYNC_SERVER_OK", "context":{"environment":"Prod_SoutheastAsia_000j", "migrationStage":"NotStarted", "server":"GENERAL0100000Y"}}
{"logTime": "0828/091336", "correlationVector":"sxXv4Bdi2Pe2y0qwGqODqE.2","action":"Commit Response", "result":"SYNCER_OK", "context":Result: SYNCER_OK. cV=sxXv4Bdi2Pe2y0qwGqODqE.0;server=GENERAL0100000Y;cloudType=Consumer;environment=Prod_SoutheastAsia_000j;migrationStage=NotStarted}
{"logTime": "0828/091715", "correlationVector":"VECsfDdjsAUtuiDtmErPJA","action":"Commit Request", "result":"", "context":Item count: 1
Contributing types: Sessions}
{"logTime": "0828/091715", "correlationVector":"VECsfDdjsAUtuiDtmErPJA.1","action":"SyncServerConnectionManagerRequest", "result":"SYNC_SERVER_OK", "context":{"environment":"Prod_SoutheastAsia_000j", "migrationStage":"NotStarted", "server":"GENERAL01000001"}}
{"logTime": "0828/091715", "correlationVector":"VECsfDdjsAUtuiDtmErPJA.2","action":"Commit Response", "result":"SYNCER_OK", "context":Result: SYNCER_OK. cV=VECsfDdjsAUtuiDtmErPJA.0;server=GENERAL01000001;cloudType=Consumer;environment=Prod_SoutheastAsia_000j;migrationStage=NotStarted}
{"logTime": "0828/091824", "correlationVector":"NAYn7mq8JpuBHZFjQKb6KN","action":"Commit Request", "result":"", "context":Item count: 1
Contributing types: Sessions}
{"logTime": "0828/091824", "correlationVector":"NAYn7mq8JpuBHZFjQKb6KN.1","action":"SyncServerConnectionManagerRequest", "result":"SYNC_SERVER_OK", "context":{"environment":"Prod_SoutheastAsia_000j", "migrationStage":"NotStarted", "server":"GENERAL0100000B"}}
{"logTime": "0828/091824", "correlationVector":"NAYn7mq8JpuBHZFjQKb6KN.2","action":"Commit Response", "result":"SYNCER_OK", "context":Result: SYNCER_OK. cV=NAYn7mq8JpuBHZFjQKb6KN.0;server=GENERAL0100000B;cloudType=Consumer;environment=Prod_SoutheastAsia_000j;migrationStage=NotStarted}
{"logTime": "0828/091855", "correlationVector":"XRK7sDFBZ1/gpkMyjpB+30","action":"Commit Request", "result":"", "context":Item count: 1
Contributing types: Sessions}
{"logTime": "0828/091855", "correlationVector":"XRK7sDFBZ1/gpkMyjpB+30.1","action":"SyncServerConnectionManagerRequest", "result":"SYNC_SERVER_OK", "context":{"environment":"Prod_SoutheastAsia_000j", "migrationStage":"NotStarted", "server":"GENERAL0100000B"}}
{"logTime": "0828/091855", "correlationVector":"XRK7sDFBZ1/gpkMyjpB+30.2","action":"Commit Response", "result":"SYNCER_OK", "context":Result: SYNCER_OK. cV=XRK7sDFBZ1/gpkMyjpB+30.0;server=GENERAL0100000B;cloudType=Consumer;environment=Prod_SoutheastAsia_000j;migrationStage=NotStarted}
{"logTime": "0828/092527", "correlationVector":"cf7m1Etd9g0Srxbcn63vOh","action":"Commit Request", "result":"", "context":Item count: 1
Contributing types: Sessions}
{"logTime": "0828/092528", "correlationVector":"cf7m1Etd9g0Srxbcn63vOh.1","action":"SyncServerConnectionManagerRequest", "result":"SYNC_SERVER_OK", "context":{"environment":"Prod_SoutheastAsia_000j", "migrationStage":"NotStarted", "server":"GENERAL01000003"}}
{"logTime": "0828/092528", "correlationVector":"cf7m1Etd9g0Srxbcn63vOh.2","action":"Commit Response", "result":"SYNCER_OK", "context":Result: SYNCER_OK. cV=cf7m1Etd9g0Srxbcn63vOh.0;server=GENERAL01000003;cloudType=Consumer;environment=Prod_SoutheastAsia_000j;migrationStage=NotStarted}
{"logTime": "0828/092605", "correlationVector":"BP8kJtTC92r/sHa/R5tXXj","action":"Commit Request", "result":"", "context":Item count: 1
Contributing types: Sessions}
{"logTime": "0828/092605", "correlationVector":"BP8kJtTC92r/sHa/R5tXXj.1","action":"SyncServerConnectionManagerRequest", "result":"SYNC_SERVER_OK", "context":{"environment":"Prod_SoutheastAsia_000j", "migrationStage":"NotStarted", "server":"GENERAL0100000T"}}
{"logTime": "0828/092605", "correlationVector":"BP8kJtTC92r/sHa/R5tXXj.2","action":"Commit Response", "result":"SYNCER_OK", "context":Result: SYNCER_OK. cV=BP8kJtTC92r/sHa/R5tXXj.0;server=GENERAL0100000T;cloudType=Consumer;environment=Prod_SoutheastAsia_000j;migrationStage=NotStarted}
{"logTime": "0828/092649", "correlationVector":"ny6YL91Ik3ktMG1dVpDFOB","action":"Commit Request", "result":"", "context":Item count: 1
Contributing types: Sessions}
{"logTime": "0828/092649", "correlationVector":"ny6YL91Ik3ktMG1dVpDFOB.1","action":"SyncServerConnectionManagerRequest", "result":"SYNC_SERVER_OK", "context":{"environment":"Prod_SoutheastAsia_000j", "migrationStage":"NotStarted", "server":"GENERAL0100000X"}}
{"logTime": "0828/092649", "correlationVector":"ny6YL91Ik3ktMG1dVpDFOB.2","action":"Commit Response", "result":"SYNCER_OK", "context":Result: SYNCER_OK. cV=ny6YL91Ik3ktMG1dVpDFOB.0;server=GENERAL0100000X;cloudType=Consumer;environment=Prod_SoutheastAsia_000j;migrationStage=NotStarted}
{"logTime": "0828/092727", "correlationVector":"nKEQgrbnyp3pSbKoYmoZI9","action":"Commit Request", "result":"", "context":Item count: 1
Contributing types: Sessions}
{"logTime": "0828/092727", "correlationVector":"nKEQgrbnyp3pSbKoYmoZI9.1","action":"SyncServerConnectionManagerRequest", "result":"SYNC_SERVER_OK", "context":{"environment":"Prod_SoutheastAsia_000j", "migrationStage":"NotStarted", "server":"GENERAL0100000O"}}
{"logTime": "0828/092727", "correlationVector":"nKEQgrbnyp3pSbKoYmoZI9.2","action":"Commit Response", "result":"SYNCER_OK", "context":Result: SYNCER_OK. cV=nKEQgrbnyp3pSbKoYmoZI9.0;server=GENERAL0100000O;cloudType=Consumer;environment=Prod_SoutheastAsia_000j;migrationStage=NotStarted}
{"logTime": "0828/092837", "correlationVector":"W7lALdB+NMQnb/cRuZsSzV","action":"Commit Request", "result":"", "context":Item count: 1
Contributing types: Sessions}
{"logTime": "0828/092837", "correlationVector":"W7lALdB+NMQnb/cRuZsSzV.1","action":"SyncServerConnectionManagerRequest", "result":"SYNC_SERVER_OK", "context":{"environment":"Prod_SoutheastAsia_000j", "migrationStage":"NotStarted", "server":"GENERAL0100000M"}}
{"logTime": "0828/092837", "correlationVector":"W7lALdB+NMQnb/cRuZsSzV.2","action":"Commit Response", "result":"SYNCER_OK", "context":Result: SYNCER_OK. cV=W7lALdB+NMQnb/cRuZsSzV.0;server=GENERAL0100000M;cloudType=Consumer;environment=Prod_SoutheastAsia_000j;migrationStage=NotStarted}
{"logTime": "0828/094531", "correlationVector":"92o0ODe/aLPazjn3e9qJZo","action":"Commit Request", "result":"", "context":Item count: 1
Contributing types: Sessions}
{"logTime": "0828/094531", "correlationVector":"92o0ODe/aLPazjn3e9qJZo.1","action":"SyncServerConnectionManagerRequest", "result":"SYNC_SERVER_OK", "context":{"environment":"Prod_SoutheastAsia_000j", "migrationStage":"NotStarted", "server":"GENERAL0100000S"}}
{"logTime": "0828/094531", "correlationVector":"92o0ODe/aLPazjn3e9qJZo.2","action":"Commit Response", "result":"SYNCER_OK", "context":Result: SYNCER_OK. cV=92o0ODe/aLPazjn3e9qJZo.0;server=GENERAL0100000S;cloudType=Consumer;environment=Prod_SoutheastAsia_000j;migrationStage=NotStarted}
{"logTime": "0828/094604", "correlationVector":"ckZdfdd9VxIpC8Y494PvUp","action":"Normal GetUpdate request", "result":"", "context":cV=ckZdfdd9VxIpC8Y494PvUp
Notified types: Typed URLs}
{"logTime": "0828/094605", "correlationVector":"ckZdfdd9VxIpC8Y494PvUp.1","action":"SyncServerConnectionManagerRequest", "result":"SYNC_SERVER_OK", "context":{"environment":"Prod_SoutheastAsia_000j", "migrationStage":"NotStarted", "server":"GENERAL01000007"}}
{"logTime": "0828/094605", "correlationVector":"ckZdfdd9VxIpC8Y494PvUp.2","action":"GetUpdates Response", "result":"SYNCER_OK", "context":Received 4 update(s). cV=ckZdfdd9VxIpC8Y494PvUp.0;server=GENERAL01000007;cloudType=Consumer;environment=Prod_SoutheastAsia_000j;migrationStage=NotStarted}
{"logTime": "0828/095535", "correlationVector":"/6R0/Y2Kh8x5d2WRjYEKA1","action":"Commit Request", "result":"", "context":Item count: 1
Contributing types: Sessions}
{"logTime": "0828/095535", "correlationVector":"/6R0/Y2Kh8x5d2WRjYEKA1.1","action":"SyncServerConnectionManagerRequest", "result":"SYNC_SERVER_OK", "context":{"environment":"Prod_SoutheastAsia_000j", "migrationStage":"NotStarted", "server":"GENERAL01000007"}}
{"logTime": "0828/095535", "correlationVector":"/6R0/Y2Kh8x5d2WRjYEKA1.2","action":"Commit Response", "result":"SYNCER_OK", "context":Result: SYNCER_OK. cV=/6R0/Y2Kh8x5d2WRjYEKA1.0;server=GENERAL01000007;cloudType=Consumer;environment=Prod_SoutheastAsia_000j;migrationStage=NotStarted}
{"logTime": "0828/100505", "correlationVector":"FC9g/286om4Ypw8o+U5ki6","action":"Normal GetUpdate request", "result":"", "context":cV=FC9g/286om4Ypw8o+U5ki6
Notified types: Typed URLs}
{"logTime": "0828/100505", "correlationVector":"FC9g/286om4Ypw8o+U5ki6.1","action":"SyncServerConnectionManagerRequest", "result":"SYNC_SERVER_OK", "context":{"environment":"Prod_SoutheastAsia_000j", "migrationStage":"NotStarted", "server":"general01000014"}}
{"logTime": "0828/100505", "correlationVector":"FC9g/286om4Ypw8o+U5ki6.2","action":"GetUpdates Response", "result":"SYNCER_OK", "context":Received 3 update(s). cV=FC9g/286om4Ypw8o+U5ki6.0;server=general01000014;cloudType=Consumer;environment=Prod_SoutheastAsia_000j;migrationStage=NotStarted}
{"logTime": "0828/102040", "correlationVector":"WGiQfx8f3rTqonDLCIS2ls","action":"Commit Request", "result":"", "context":Item count: 1
Contributing types: Sessions}
{"logTime": "0828/102041", "correlationVector":"WGiQfx8f3rTqonDLCIS2ls.1","action":"SyncServerConnectionManagerRequest", "result":"SYNC_SERVER_OK", "context":{"environment":"Prod_SoutheastAsia_000j", "migrationStage":"NotStarted", "server":"GENERAL0100000R"}}
{"logTime": "0828/102041", "correlationVector":"WGiQfx8f3rTqonDLCIS2ls.2","action":"Commit Response", "result":"SYNCER_OK", "context":Result: SYNCER_OK. cV=WGiQfx8f3rTqonDLCIS2ls.0;server=GENERAL0100000R;cloudType=Consumer;environment=Prod_SoutheastAsia_000j;migrationStage=NotStarted}
{"logTime": "0828/103035", "correlationVector":"y443zDG+BIkg0l2uOMOMXH.0","action":"FeedSettingFetch_homeCloud", "result":"0", "context":{}}
{"logTime": "0828/103035", "correlationVector":"SaTKKwxxJVk7H9c/qmNPOF.1","action":"SyncServerConnectionManagerRequest", "result":"SYNC_SERVER_OK", "context":{"environment":"Prod_SoutheastAsia_000j", "migrationStage":"NotStarted", "server":"GENERAL0100000P"}}
{"logTime": "0828/103035", "correlationVector":"SaTKKwxxJVk7H9c/qmNPOF","action":"Initial GetUpdates", "result":"", "context":Reason: NEW_CLIENT. cV=SaTKKwxxJVk7H9c/qmNPOF}
{"logTime": "0828/103035", "correlationVector":"SaTKKwxxJVk7H9c/qmNPOF.2","action":"GetUpdates Response", "result":"SYNCER_OK", "context":Received 1 update(s). cV=SaTKKwxxJVk7H9c/qmNPOF.0;server=GENERAL0100000P;cloudType=Consumer;environment=Prod_SoutheastAsia_000j;migrationStage=NotStarted}
{"logTime": "0828/103035", "correlationVector":"/7qL570JPsIOXOwwGa6bN+","action":"Initial GetUpdates", "result":"", "context":Reason: NEWLY_SUPPORTED_DATATYPE. cV=/7qL570JPsIOXOwwGa6bN+}
{"logTime": "0828/103035", "correlationVector":"/7qL570JPsIOXOwwGa6bN+.1","action":"SyncServerConnectionManagerRequest", "result":"SYNC_SERVER_OK", "context":{"environment":"Prod_SoutheastAsia_000j", "migrationStage":"NotStarted", "server":"GENERAL01000004"}}
{"logTime": "0828/103035", "correlationVector":"/7qL570JPsIOXOwwGa6bN+.2","action":"GetUpdates Response", "result":"SYNCER_OK", "context":Received 51 update(s). cV=/7qL570JPsIOXOwwGa6bN+.0;server=GENERAL01000004;cloudType=Consumer;environment=Prod_SoutheastAsia_000j;migrationStage=NotStarted}
{"logTime": "0828/103035", "correlationVector":"uPr/bC+WwUZNbOyOn7hEns","action":"SyncServerConnectionManagerRequest", "result":"SYNC_SERVER_OK", "context":{"environment":"", "migrationStage":"", "server":""}}
{"logTime": "0828/103035", "correlationVector":"eOY0w0LP7IQ31lJYwkT9Aa","action":"Normal GetUpdate request", "result":"", "context":cV=eOY0w0LP7IQ31lJYwkT9Aa
Nudged types: Sessions, User Consents
Refresh requested types: Bookmarks, Preferences, Passwords, Autofill Profiles, Autofill, Autofill Custom Data, Typed URLs, Extensions, Sessions, Extension settings, History Delete Directives, Device Info, User Consents, Send Tab To Self, Web Apps, Collection, Edge E Drop, Edge Hub App Usage, Encryption Keys}
{"logTime": "0828/103035", "correlationVector":"eOY0w0LP7IQ31lJYwkT9Aa.1","action":"SyncServerConnectionManagerRequest", "result":"SYNC_SERVER_OK", "context":{"environment":"Prod_SoutheastAsia_000j", "migrationStage":"NotStarted", "server":"GENERAL0100000C"}}
{"logTime": "0828/103035", "correlationVector":"eOY0w0LP7IQ31lJYwkT9Aa.2","action":"GetUpdates Response", "result":"SYNCER_OK", "context":Received 2 update(s). cV=eOY0w0LP7IQ31lJYwkT9Aa.0;server=GENERAL0100000C;cloudType=Consumer;environment=Prod_SoutheastAsia_000j;migrationStage=NotStarted}
{"logTime": "0828/103035", "correlationVector":"XaCZX17yulsRErQg63q1yk","action":"Commit Request", "result":"", "context":Item count: 4
Contributing types: Sessions, User Consents}
{"logTime": "0828/103035", "correlationVector":"XaCZX17yulsRErQg63q1yk.1","action":"SyncServerConnectionManagerRequest", "result":"SYNC_SERVER_OK", "context":{"environment":"Prod_SoutheastAsia_000j", "migrationStage":"NotStarted", "server":"GENERAL01000019"}}
{"logTime": "0828/103035", "correlationVector":"XaCZX17yulsRErQg63q1yk.2","action":"Commit Response", "result":"SYNCER_OK", "context":Result: SYNCER_OK. cV=XaCZX17yulsRErQg63q1yk.0;server=GENERAL01000019;cloudType=Consumer;environment=Prod_SoutheastAsia_000j;migrationStage=NotStarted}
{"logTime": "0828/103035", "correlationVector":"PX00yPPmj4JYf55cP/lv3X","action":"Normal GetUpdate request", "result":"", "context":cV=PX00yPPmj4JYf55cP/lv3X
Nudged types: Sessions
Refresh requested types: Bookmarks, Preferences, Passwords, Autofill Profiles, Autofill, Autofill Custom Data, Typed URLs, Extensions, Sessions, Extension settings, History Delete Directives, Device Info, User Consents, Send Tab To Self, Web Apps, Collection, Edge E Drop, Edge Hub App Usage, Encryption Keys}
{"logTime": "0828/103035", "correlationVector":"PX00yPPmj4JYf55cP/lv3X.1","action":"SyncServerConnectionManagerRequest", "result":"SYNC_SERVER_OK", "context":{"environment":"Prod_SoutheastAsia_000j", "migrationStage":"NotStarted", "server":"GENERAL0100000C"}}
{"logTime": "0828/103035", "correlationVector":"PX00yPPmj4JYf55cP/lv3X.2","action":"GetUpdates Response", "result":"SYNCER_OK", "context":Received 3 update(s). cV=PX00yPPmj4JYf55cP/lv3X.0;server=GENERAL0100000C;cloudType=Consumer;environment=Prod_SoutheastAsia_000j;migrationStage=NotStarted}
{"logTime": "0828/103102", "correlationVector":"OzoKEWRKGn0cersqVF+KS+","action":"Normal GetUpdate request", "result":"", "context":cV=OzoKEWRKGn0cersqVF+KS+
Nudged types: Sessions}
{"logTime": "0828/103102", "correlationVector":"OzoKEWRKGn0cersqVF+KS+.1","action":"SyncServerConnectionManagerRequest", "result":"SYNC_SERVER_OK", "context":{"environment":"Prod_SoutheastAsia_000j", "migrationStage":"NotStarted", "server":"GENERAL0100001G"}}
{"logTime": "0828/103102", "correlationVector":"OzoKEWRKGn0cersqVF+KS+.2","action":"GetUpdates Response", "result":"SYNCER_OK", "context":Received 1 update(s). cV=OzoKEWRKGn0cersqVF+KS+.0;server=GENERAL0100001G;cloudType=Consumer;environment=Prod_SoutheastAsia_000j;migrationStage=NotStarted}
{"logTime": "0828/103102", "correlationVector":"3LL7Ywvgryb27g6sJ4RPKh","action":"Commit Request", "result":"", "context":Item count: 2
Contributing types: Sessions}
{"logTime": "0828/103103", "correlationVector":"3LL7Ywvgryb27g6sJ4RPKh.1","action":"SyncServerConnectionManagerRequest", "result":"SYNC_SERVER_OK", "context":{"environment":"Prod_SoutheastAsia_000j", "migrationStage":"NotStarted", "server":"GENERAL0100000D"}}
{"logTime": "0828/103103", "correlationVector":"3LL7Ywvgryb27g6sJ4RPKh.3","action":"Commit.Sessions", "result":"Success", "context":{"id":"b6bf4bd1-6ed2-4946-a3c7-0d00fc907935", "isDeleted":"true", "size":"0", "version":"1693218628882"}}
{"logTime": "0828/103103", "correlationVector":"3LL7Ywvgryb27g6sJ4RPKh.2","action":"Commit Response", "result":"SYNCER_OK", "context":Result: SYNCER_OK. cV=3LL7Ywvgryb27g6sJ4RPKh.0;server=GENERAL0100000D;cloudType=Consumer;environment=Prod_SoutheastAsia_000j;migrationStage=NotStarted}
{"logTime": "0828/105046", "correlationVector":"kQRuxFtH5Hplew3iOu/4iz","action":"Commit Request", "result":"", "context":Item count: 1
Contributing types: Sessions}
{"logTime": "0828/105047", "correlationVector":"kQRuxFtH5Hplew3iOu/4iz.1","action":"SyncServerConnectionManagerRequest", "result":"SYNC_SERVER_OK", "context":{"environment":"Prod_SoutheastAsia_000j", "migrationStage":"NotStarted", "server":"GENERAL0100000H"}}
{"logTime": "0828/105047", "correlationVector":"kQRuxFtH5Hplew3iOu/4iz.2","action":"Commit Response", "result":"SYNCER_OK", "context":Result: SYNCER_OK. cV=kQRuxFtH5Hplew3iOu/4iz.0;server=GENERAL0100000H;cloudType=Consumer;environment=Prod_SoutheastAsia_000j;migrationStage=NotStarted}
{"logTime": "0828/110647", "correlationVector":"Qly7QWPCCK+VpSCMIyg/5z","action":"Commit Request", "result":"", "context":Item count: 1
Contributing types: Sessions}
{"logTime": "0828/110648", "correlationVector":"Qly7QWPCCK+VpSCMIyg/5z.1","action":"SyncServerConnectionManagerRequest", "result":"SYNC_SERVER_OK", "context":{"environment":"Prod_SoutheastAsia_000j", "migrationStage":"NotStarted", "server":"GENERAL0100000O"}}
{"logTime": "0828/110648", "correlationVector":"Qly7QWPCCK+VpSCMIyg/5z.2","action":"Commit Response", "result":"SYNCER_OK", "context":Result: SYNCER_OK. cV=Qly7QWPCCK+VpSCMIyg/5z.0;server=GENERAL0100000O;cloudType=Consumer;environment=Prod_SoutheastAsia_000j;migrationStage=NotStarted}
{"logTime": "0828/111156", "correlationVector":"XtmVWDjunZ/D8XR5AXRWKf","action":"Commit Request", "result":"", "context":Item count: 1
Contributing types: Sessions}
{"logTime": "0828/111157", "correlationVector":"XtmVWDjunZ/D8XR5AXRWKf.1","action":"SyncServerConnectionManagerRequest", "result":"SYNC_SERVER_OK", "context":{"environment":"Prod_SoutheastAsia_000j", "migrationStage":"NotStarted", "server":"GENERAL0100001L"}}
{"logTime": "0828/111157", "correlationVector":"XtmVWDjunZ/D8XR5AXRWKf.2","action":"Commit Response", "result":"SYNCER_OK", "context":Result: SYNCER_OK. cV=XtmVWDjunZ/D8XR5AXRWKf.0;server=GENERAL0100001L;cloudType=Consumer;environment=Prod_SoutheastAsia_000j;migrationStage=NotStarted}
{"logTime": "0828/112038", "correlationVector":"l1qVN6hNua7gufuwFdGV8o","action":"Commit Request", "result":"", "context":Item count: 1
Contributing types: Sessions}
{"logTime": "0828/112038", "correlationVector":"l1qVN6hNua7gufuwFdGV8o.1","action":"SyncServerConnectionManagerRequest", "result":"SYNC_AUTH_ERROR", "context":{"environment":"Prod_SoutheastAsia_000j", "migrationStage":"NotStarted", "server":"GENERAL0100000B"}}
{"logTime": "0828/112038", "correlationVector":"l1qVN6hNua7gufuwFdGV8o.2","action":"Commit Response", "result":"SYNC_AUTH_ERROR (HTTP 401)", "context":Result: SYNC_AUTH_ERROR (HTTP 401). cV=l1qVN6hNua7gufuwFdGV8o.0;server=GENERAL0100000B;cloudType=Undetermined;environment=Prod_SoutheastAsia_000j;migrationStage=NotStarted}
{"logTime": "0828/112039", "correlationVector":"4FDXu2ky3iQybqz6vrBHqX","action":"Commit Request", "result":"", "context":Item count: 1
Contributing types: Sessions}
{"logTime": "0828/112040", "correlationVector":"4FDXu2ky3iQybqz6vrBHqX.1","action":"SyncServerConnectionManagerRequest", "result":"SYNC_SERVER_OK", "context":{"environment":"Prod_SoutheastAsia_000j", "migrationStage":"NotStarted", "server":"GENERAL0100001E"}}
{"logTime": "0828/112040", "correlationVector":"4FDXu2ky3iQybqz6vrBHqX.2","action":"Commit Response", "result":"SYNCER_OK", "context":Result: SYNCER_OK. cV=4FDXu2ky3iQybqz6vrBHqX.0;server=GENERAL0100001E;cloudType=Consumer;environment=Prod_SoutheastAsia_000j;migrationStage=NotStarted}
{"logTime": "0828/112252", "correlationVector":"LePrL1MDdtGshwbdEBXe8I","action":"Commit Request", "result":"", "context":Item count: 1
Contributing types: Sessions}
{"logTime": "0828/112253", "correlationVector":"LePrL1MDdtGshwbdEBXe8I.1","action":"SyncServerConnectionManagerRequest", "result":"SYNC_SERVER_OK", "context":{"environment":"Prod_SoutheastAsia_000j", "migrationStage":"NotStarted", "server":"GENERAL0100001A"}}
{"logTime": "0828/112253", "correlationVector":"LePrL1MDdtGshwbdEBXe8I.2","action":"Commit Response", "result":"SYNCER_OK", "context":Result: SYNCER_OK. cV=LePrL1MDdtGshwbdEBXe8I.0;server=GENERAL0100001A;cloudType=Consumer;environment=Prod_SoutheastAsia_000j;migrationStage=NotStarted}
{"logTime": "0828/112530", "correlationVector":"g0yYoIJnAPCer+PNdqdF0F","action":"Commit Request", "result":"", "context":Item count: 1
Contributing types: Sessions}
{"logTime": "0828/112530", "correlationVector":"g0yYoIJnAPCer+PNdqdF0F.1","action":"SyncServerConnectionManagerRequest", "result":"SYNC_SERVER_OK", "context":{"environment":"Prod_SoutheastAsia_000j", "migrationStage":"NotStarted", "server":"GENERAL01000010"}}
{"logTime": "0828/112530", "correlationVector":"g0yYoIJnAPCer+PNdqdF0F.2","action":"Commit Response", "result":"SYNCER_OK", "context":Result: SYNCER_OK. cV=g0yYoIJnAPCer+PNdqdF0F.0;server=GENERAL01000010;cloudType=Consumer;environment=Prod_SoutheastAsia_000j;migrationStage=NotStarted}
{"logTime": "0828/113041", "correlationVector":"apAgFplT0doGFsJITmzwcT","action":"Commit Request", "result":"", "context":Item count: 1
Contributing types: Sessions}
{"logTime": "0828/113042", "correlationVector":"apAgFplT0doGFsJITmzwcT.1","action":"SyncServerConnectionManagerRequest", "result":"SYNC_SERVER_OK", "context":{"environment":"Prod_SoutheastAsia_000j", "migrationStage":"NotStarted", "server":"GENERAL01000007"}}
{"logTime": "0828/113042", "correlationVector":"apAgFplT0doGFsJITmzwcT.2","action":"Commit Response", "result":"SYNCER_OK", "context":Result: SYNCER_OK. cV=apAgFplT0doGFsJITmzwcT.0;server=GENERAL01000007;cloudType=Consumer;environment=Prod_SoutheastAsia_000j;migrationStage=NotStarted}
{"logTime": "0828/113117", "correlationVector":"v5vmJnzKcsroWYDRC+Y0rZ","action":"Commit Request", "result":"", "context":Item count: 1
Contributing types: Sessions}
{"logTime": "0828/113117", "correlationVector":"v5vmJnzKcsroWYDRC+Y0rZ.1","action":"SyncServerConnectionManagerRequest", "result":"SYNC_SERVER_OK", "context":{"environment":"Prod_SoutheastAsia_000j", "migrationStage":"NotStarted", "server":"GENERAL0100000U"}}
{"logTime": "0828/113117", "correlationVector":"v5vmJnzKcsroWYDRC+Y0rZ.2","action":"Commit Response", "result":"SYNCER_OK", "context":Result: SYNCER_OK. cV=v5vmJnzKcsroWYDRC+Y0rZ.0;server=GENERAL0100000U;cloudType=Consumer;environment=Prod_SoutheastAsia_000j;migrationStage=NotStarted}
{"logTime": "0828/113425", "correlationVector":"M4ED4Qh3zWhRzPP1WreFKg","action":"Commit Request", "result":"", "context":Item count: 1
Contributing types: Sessions}
{"logTime": "0828/113425", "correlationVector":"M4ED4Qh3zWhRzPP1WreFKg.1","action":"SyncServerConnectionManagerRequest", "result":"SYNC_SERVER_OK", "context":{"environment":"Prod_SoutheastAsia_000j", "migrationStage":"NotStarted", "server":"GENERAL01000012"}}
{"logTime": "0828/113425", "correlationVector":"M4ED4Qh3zWhRzPP1WreFKg.2","action":"Commit Response", "result":"SYNCER_OK", "context":Result: SYNCER_OK. cV=M4ED4Qh3zWhRzPP1WreFKg.0;server=GENERAL01000012;cloudType=Consumer;environment=Prod_SoutheastAsia_000j;migrationStage=NotStarted}
{"logTime": "0828/113523", "correlationVector":"6pEGVXTBoNZy7vGOck9ySb","action":"Commit Request", "result":"", "context":Item count: 1
Contributing types: Sessions}
{"logTime": "0828/113524", "correlationVector":"6pEGVXTBoNZy7vGOck9ySb.1","action":"SyncServerConnectionManagerRequest", "result":"SYNC_SERVER_OK", "context":{"environment":"Prod_SoutheastAsia_000j", "migrationStage":"NotStarted", "server":"GENERAL01000017"}}
{"logTime": "0828/113524", "correlationVector":"6pEGVXTBoNZy7vGOck9ySb.2","action":"Commit Response", "result":"SYNCER_OK", "context":Result: SYNCER_OK. cV=6pEGVXTBoNZy7vGOck9ySb.0;server=GENERAL01000017;cloudType=Consumer;environment=Prod_SoutheastAsia_000j;migrationStage=NotStarted}
{"logTime": "0828/114830", "correlationVector":"GbMpMgemGLWi2aAknzBZIq","action":"Commit Request", "result":"", "context":Item count: 1
Contributing types: Sessions}
{"logTime": "0828/114831", "correlationVector":"GbMpMgemGLWi2aAknzBZIq.1","action":"SyncServerConnectionManagerRequest", "result":"SYNC_SERVER_OK", "context":{"environment":"Prod_SoutheastAsia_000j", "migrationStage":"NotStarted", "server":"GENERAL0100001E"}}
{"logTime": "0828/114831", "correlationVector":"GbMpMgemGLWi2aAknzBZIq.2","action":"Commit Response", "result":"SYNCER_OK", "context":Result: SYNCER_OK. cV=GbMpMgemGLWi2aAknzBZIq.0;server=GENERAL0100001E;cloudType=Consumer;environment=Prod_SoutheastAsia_000j;migrationStage=NotStarted}
{"logTime": "0828/115419", "correlationVector":"HfeBGlHSCJD7nI7oGu0IlY","action":"Commit Request", "result":"", "context":Item count: 1
Contributing types: Sessions}
{"logTime": "0828/115419", "correlationVector":"HfeBGlHSCJD7nI7oGu0IlY.1","action":"SyncServerConnectionManagerRequest", "result":"SYNC_SERVER_OK", "context":{"environment":"Prod_SoutheastAsia_000j", "migrationStage":"NotStarted", "server":"GENERAL01000000"}}
{"logTime": "0828/115419", "correlationVector":"HfeBGlHSCJD7nI7oGu0IlY.2","action":"Commit Response", "result":"SYNCER_OK", "context":Result: SYNCER_OK. cV=HfeBGlHSCJD7nI7oGu0IlY.0;server=GENERAL01000000;cloudType=Consumer;environment=Prod_SoutheastAsia_000j;migrationStage=NotStarted}
{"logTime": "0828/115512", "correlationVector":"hTuZ/bzqIhhDXrXZg2bpiT","action":"Commit Request", "result":"", "context":Item count: 1
Contributing types: Sessions}
{"logTime": "0828/115512", "correlationVector":"hTuZ/bzqIhhDXrXZg2bpiT.1","action":"SyncServerConnectionManagerRequest", "result":"SYNC_SERVER_OK", "context":{"environment":"Prod_SoutheastAsia_000j", "migrationStage":"NotStarted", "server":"GENERAL0100000Z"}}
{"logTime": "0828/115512", "correlationVector":"hTuZ/bzqIhhDXrXZg2bpiT.2","action":"Commit Response", "result":"SYNCER_OK", "context":Result: SYNCER_OK. cV=hTuZ/bzqIhhDXrXZg2bpiT.0;server=GENERAL0100000Z;cloudType=Consumer;environment=Prod_SoutheastAsia_000j;migrationStage=NotStarted}
{"logTime": "0828/115603", "correlationVector":"QxdZ35Ggv9E0bNjjENQFoc","action":"Commit Request", "result":"", "context":Item count: 1
Contributing types: Sessions}
{"logTime": "0828/115604", "correlationVector":"QxdZ35Ggv9E0bNjjENQFoc.1","action":"SyncServerConnectionManagerRequest", "result":"SYNC_SERVER_OK", "context":{"environment":"Prod_SoutheastAsia_000j", "migrationStage":"NotStarted", "server":"GENERAL0100000T"}}
{"logTime": "0828/115604", "correlationVector":"QxdZ35Ggv9E0bNjjENQFoc.2","action":"Commit Response", "result":"SYNCER_OK", "context":Result: SYNCER_OK. cV=QxdZ35Ggv9E0bNjjENQFoc.0;server=GENERAL0100000T;cloudType=Consumer;environment=Prod_SoutheastAsia_000j;migrationStage=NotStarted}
{"logTime": "0828/115637", "correlationVector":"HNkvCco2QpS0lMO2TiTfjw","action":"Commit Request", "result":"", "context":Item count: 1
Contributing types: Sessions}
{"logTime": "0828/115638", "correlationVector":"HNkvCco2QpS0lMO2TiTfjw.1","action":"SyncServerConnectionManagerRequest", "result":"SYNC_SERVER_OK", "context":{"environment":"Prod_SoutheastAsia_000j", "migrationStage":"NotStarted", "server":"GENERAL01000019"}}
{"logTime": "0828/115638", "correlationVector":"HNkvCco2QpS0lMO2TiTfjw.2","action":"Commit Response", "result":"SYNCER_OK", "context":Result: SYNCER_OK. cV=HNkvCco2QpS0lMO2TiTfjw.0;server=GENERAL01000019;cloudType=Consumer;environment=Prod_SoutheastAsia_000j;migrationStage=NotStarted}
{"logTime": "0828/115713", "correlationVector":"vTX7fNgWafjFwuSm5yiSxw","action":"Commit Request", "result":"", "context":Item count: 1
Contributing types: Sessions}
{"logTime": "0828/115713", "correlationVector":"vTX7fNgWafjFwuSm5yiSxw.1","action":"SyncServerConnectionManagerRequest", "result":"SYNC_SERVER_OK", "context":{"environment":"Prod_SoutheastAsia_000j", "migrationStage":"NotStarted", "server":"GENERAL01000012"}}
{"logTime": "0828/115713", "correlationVector":"vTX7fNgWafjFwuSm5yiSxw.2","action":"Commit Response", "result":"SYNCER_OK", "context":Result: SYNCER_OK. cV=vTX7fNgWafjFwuSm5yiSxw.0;server=GENERAL01000012;cloudType=Consumer;environment=Prod_SoutheastAsia_000j;migrationStage=NotStarted}
{"logTime": "0828/115745", "correlationVector":"GoqrpdY2uMFhHHqk9AxgwS","action":"Commit Request", "result":"", "context":Item count: 1
Contributing types: Sessions}
{"logTime": "0828/115745", "correlationVector":"GoqrpdY2uMFhHHqk9AxgwS.1","action":"SyncServerConnectionManagerRequest", "result":"SYNC_SERVER_OK", "context":{"environment":"Prod_SoutheastAsia_000j", "migrationStage":"NotStarted", "server":"GENERAL01000013"}}
{"logTime": "0828/115745", "correlationVector":"GoqrpdY2uMFhHHqk9AxgwS.2","action":"Commit Response", "result":"SYNCER_OK", "context":Result: SYNCER_OK. cV=GoqrpdY2uMFhHHqk9AxgwS.0;server=GENERAL01000013;cloudType=Consumer;environment=Prod_SoutheastAsia_000j;migrationStage=NotStarted}
{"logTime": "0828/120100", "correlationVector":"CVaeIOEQ48Xv9dhT8QfEXx","action":"Commit Request", "result":"", "context":Item count: 1
Contributing types: Sessions}
{"logTime": "0828/120101", "correlationVector":"CVaeIOEQ48Xv9dhT8QfEXx.1","action":"SyncServerConnectionManagerRequest", "result":"SYNC_SERVER_OK", "context":{"environment":"Prod_SoutheastAsia_000j", "migrationStage":"NotStarted", "server":"GENERAL0100001J"}}
{"logTime": "0828/120101", "correlationVector":"CVaeIOEQ48Xv9dhT8QfEXx.2","action":"Commit Response", "result":"SYNCER_OK", "context":Result: SYNCER_OK. cV=CVaeIOEQ48Xv9dhT8QfEXx.0;server=GENERAL0100001J;cloudType=Consumer;environment=Prod_SoutheastAsia_000j;migrationStage=NotStarted}
{"logTime": "0828/120131", "correlationVector":"4SjpTtzi0Uk9ny0ztjpoF+","action":"Commit Request", "result":"", "context":Item count: 1
Contributing types: Sessions}
{"logTime": "0828/120131", "correlationVector":"4SjpTtzi0Uk9ny0ztjpoF+.1","action":"SyncServerConnectionManagerRequest", "result":"SYNC_SERVER_OK", "context":{"environment":"Prod_SoutheastAsia_000j", "migrationStage":"NotStarted", "server":"GENERAL0100000O"}}
{"logTime": "0828/120131", "correlationVector":"4SjpTtzi0Uk9ny0ztjpoF+.2","action":"Commit Response", "result":"SYNCER_OK", "context":Result: SYNCER_OK. cV=4SjpTtzi0Uk9ny0ztjpoF+.0;server=GENERAL0100000O;cloudType=Consumer;environment=Prod_SoutheastAsia_000j;migrationStage=NotStarted}
{"logTime": "0828/120552", "correlationVector":"km96ZYzm5zo/STGqlCYWy3","action":"Poll GetUpdate request", "result":"", "context":cV=km96ZYzm5zo/STGqlCYWy3}
{"logTime": "0828/120553", "correlationVector":"km96ZYzm5zo/STGqlCYWy3.1","action":"SyncServerConnectionManagerRequest", "result":"SYNC_SERVER_OK", "context":{"environment":"Prod_SoutheastAsia_000j", "migrationStage":"NotStarted", "server":"GENERAL0100001F"}}
{"logTime": "0828/120553", "correlationVector":"km96ZYzm5zo/STGqlCYWy3.2","action":"GetUpdates", "result":"DeleteReceived", "context":{"id":"b6bf4bd1-6ed2-4946-a3c7-0d00fc907935", "isDeleted:":"true", "version":"1693218662364"}}
{"logTime": "0828/120553", "correlationVector":"km96ZYzm5zo/STGqlCYWy3.3","action":"GetUpdates Response", "result":"SYNCER_OK", "context":Received 4 update(s). cV=km96ZYzm5zo/STGqlCYWy3.0;server=GENERAL0100001F;cloudType=Consumer;environment=Prod_SoutheastAsia_000j;migrationStage=NotStarted}
{"logTime": "0828/121113", "correlationVector":"JPdRKNlw6yeUQOUjnthc0L","action":"Commit Request", "result":"", "context":Item count: 3
Contributing types: Typed URLs, Sessions}
{"logTime": "0828/121114", "correlationVector":"JPdRKNlw6yeUQOUjnthc0L.1","action":"SyncServerConnectionManagerRequest", "result":"SYNC_SERVER_OK", "context":{"environment":"Prod_SoutheastAsia_000j", "migrationStage":"NotStarted", "server":"GENERAL01000009"}}
{"logTime": "0828/121114", "correlationVector":"JPdRKNlw6yeUQOUjnthc0L.2","action":"Commit Response", "result":"SYNCER_OK", "context":Result: SYNCER_OK. cV=JPdRKNlw6yeUQOUjnthc0L.0;server=GENERAL01000009;cloudType=Consumer;environment=Prod_SoutheastAsia_000j;migrationStage=NotStarted}
{"logTime": "0828/121121", "correlationVector":"yTVhWNw38wnHncJjNOFP4v","action":"Commit Request", "result":"", "context":Item count: 2
Contributing types: Autofill Profiles, Autofill}
{"logTime": "0828/121122", "correlationVector":"yTVhWNw38wnHncJjNOFP4v.1","action":"SyncServerConnectionManagerRequest", "result":"SYNC_SERVER_OK", "context":{"environment":"Prod_SoutheastAsia_000j", "migrationStage":"NotStarted", "server":"GENERAL0100000L"}}
{"logTime": "0828/121122", "correlationVector":"yTVhWNw38wnHncJjNOFP4v.2","action":"Commit Response", "result":"SYNCER_OK", "context":Result: SYNCER_OK. cV=yTVhWNw38wnHncJjNOFP4v.0;server=GENERAL0100000L;cloudType=Consumer;environment=Prod_SoutheastAsia_000j;migrationStage=NotStarted}
{"logTime": "0828/121153", "correlationVector":"cHzCc+DFnr28yW4ZZ+NGQK","action":"Commit Request", "result":"", "context":Item count: 1
Contributing types: Sessions}
{"logTime": "0828/121153", "correlationVector":"cHzCc+DFnr28yW4ZZ+NGQK.1","action":"SyncServerConnectionManagerRequest", "result":"SYNC_SERVER_OK", "context":{"environment":"Prod_SoutheastAsia_000j", "migrationStage":"NotStarted", "server":"GENERAL01000013"}}
{"logTime": "0828/121153", "correlationVector":"cHzCc+DFnr28yW4ZZ+NGQK.2","action":"Commit Response", "result":"SYNCER_OK", "context":Result: SYNCER_OK. cV=cHzCc+DFnr28yW4ZZ+NGQK.0;server=GENERAL01000013;cloudType=Consumer;environment=Prod_SoutheastAsia_000j;migrationStage=NotStarted}
{"logTime": "0828/121156", "correlationVector":"XdJhAThc2+b8uMJ1TRJd/G","action":"Normal GetUpdate request", "result":"", "context":cV=XdJhAThc2+b8uMJ1TRJd/G
Notified types: Typed URLs}
{"logTime": "0828/121157", "correlationVector":"XdJhAThc2+b8uMJ1TRJd/G.1","action":"SyncServerConnectionManagerRequest", "result":"SYNC_SERVER_OK", "context":{"environment":"Prod_SoutheastAsia_000j", "migrationStage":"NotStarted", "server":"GENERAL0100000N"}}
{"logTime": "0828/121157", "correlationVector":"XdJhAThc2+b8uMJ1TRJd/G.2","action":"GetUpdates Response", "result":"SYNCER_OK", "context":Received 9 update(s). cV=XdJhAThc2+b8uMJ1TRJd/G.0;server=GENERAL0100000N;cloudType=Consumer;environment=Prod_SoutheastAsia_000j;migrationStage=NotStarted}
